210902 20:31:43 [Note] Plugin 'FEDERATED' is disabled.
210902 20:31:43 InnoDB: The InnoDB memory heap is disabled
210902 20:31:43 InnoDB: Mutexes and rw_locks use Windows interlocked functions
210902 20:31:43 InnoDB: Compressed tables use zlib 1.2.3
210902 20:31:43 InnoDB: Initializing buffer pool, size = 47.0M
210902 20:31:43 InnoDB: Completed initialization of buffer pool
InnoDB: The first specified data file .\ibdata1 did not exist:
InnoDB: a new database to be created!
210902 20:31:43  InnoDB: Setting file .\ibdata1 size to 10 MB
InnoDB: Database physically writes the file full: wait...
210902 20:31:43  InnoDB: Log file .\ib_logfile0 did not exist: new to be created
InnoDB: Setting log file .\ib_logfile0 size to 24 MB
InnoDB: Database physically writes the file full: wait...
210902 20:31:43  InnoDB: Log file .\ib_logfile1 did not exist: new to be created
InnoDB: Setting log file .\ib_logfile1 size to 24 MB
InnoDB: Database physically writes the file full: wait...
InnoDB: Doublewrite buffer not found: creating new
InnoDB: Doublewrite buffer created
InnoDB: 127 rollback segment(s) active.
InnoDB: Creating foreign key constraint system tables
InnoDB: Foreign key constraint system tables created
210902 20:31:44  InnoDB: Waiting for the background threads to start
210902 20:31:45 InnoDB: 5.5.40 started; log sequence number 0
210902 20:31:45 [Note] Server hostname (bind-address): '0.0.0.0'; port: 3306
210902 20:31:45 [Note]   - '0.0.0.0' resolves to '0.0.0.0';
210902 20:31:45 [Note] Server socket created on IP: '0.0.0.0'.
210902 20:31:45 [Note] Event Scheduler: Loaded 0 events
210902 20:31:45 [Note] A:\MySQL\bin\mysqld: ready for connections.
Version: '5.5.40'  socket: ''  port: 3306  MySQL Community Server (GPL)
210905 21:06:29 [Note] A:\MySQL\bin\mysqld: Normal shutdown

210905 21:06:29 [Note] Event Scheduler: Purging the queue. 0 events
210905 21:06:29  InnoDB: Starting shutdown...
210905 21:06:29  InnoDB: Shutdown completed; log sequence number 1628561
210905 21:06:29 [Note] A:\MySQL\bin\mysqld: Shutdown complete

210906 14:32:28 [Note] Plugin 'FEDERATED' is disabled.
210906 14:32:28 InnoDB: The InnoDB memory heap is disabled
210906 14:32:28 InnoDB: Mutexes and rw_locks use Windows interlocked functions
210906 14:32:28 InnoDB: Compressed tables use zlib 1.2.3
210906 14:32:29 InnoDB: Initializing buffer pool, size = 47.0M
210906 14:32:29 InnoDB: Completed initialization of buffer pool
210906 14:32:29 InnoDB: highest supported file format is Barracuda.
210906 14:32:29  InnoDB: Waiting for the background threads to start
210906 14:32:30 InnoDB: 5.5.40 started; log sequence number 1628561
210906 14:32:30 [Note] Server hostname (bind-address): '0.0.0.0'; port: 3306
210906 14:32:30 [Note]   - '0.0.0.0' resolves to '0.0.0.0';
210906 14:32:30 [Note] Server socket created on IP: '0.0.0.0'.
210906 14:32:31 [Note] Event Scheduler: Loaded 0 events
210906 14:32:31 [Note] A:\MySQL\bin\mysqld: ready for connections.
Version: '5.5.40'  socket: ''  port: 3306  MySQL Community Server (GPL)
210906 22:49:41 [Note] A:\MySQL\bin\mysqld: Normal shutdown

210906 22:49:41 [Note] Event Scheduler: Purging the queue. 0 events
210906 22:49:41  InnoDB: Starting shutdown...
210906 22:49:42  InnoDB: Shutdown completed; log sequence number 1628693
210906 22:49:42 [Note] A:\MySQL\bin\mysqld: Shutdown complete

210906 22:50:05 [Note] Plugin 'FEDERATED' is disabled.
210906 22:50:05 InnoDB: The InnoDB memory heap is disabled
210906 22:50:05 InnoDB: Mutexes and rw_locks use Windows interlocked functions
210906 22:50:05 InnoDB: Compressed tables use zlib 1.2.3
210906 22:50:06 InnoDB: Initializing buffer pool, size = 47.0M
210906 22:50:06 InnoDB: Completed initialization of buffer pool
210906 22:50:06 InnoDB: highest supported file format is Barracuda.
210906 22:50:06  InnoDB: Waiting for the background threads to start
210906 22:50:07 InnoDB: 5.5.40 started; log sequence number 1628693
210906 22:50:07 [Note] Server hostname (bind-address): '0.0.0.0'; port: 3306
210906 22:50:07 [Note]   - '0.0.0.0' resolves to '0.0.0.0';
210906 22:50:07 [Note] Server socket created on IP: '0.0.0.0'.
210906 22:50:07 [Note] Event Scheduler: Loaded 0 events
210906 22:50:07 [Note] A:\MySQL\bin\mysqld: ready for connections.
Version: '5.5.40'  socket: ''  port: 3306  MySQL Community Server (GPL)
210907 21:26:11 [Note] A:\MySQL\bin\mysqld: Normal shutdown

210907 21:26:12 [Note] Event Scheduler: Purging the queue. 0 events
210907 21:26:12  InnoDB: Starting shutdown...
210907 21:26:12  InnoDB: Shutdown completed; log sequence number 1628693
210907 21:26:12 [Note] A:\MySQL\bin\mysqld: Shutdown complete

210907 21:26:36 [Note] Plugin 'FEDERATED' is disabled.
210907 21:26:36 InnoDB: The InnoDB memory heap is disabled
210907 21:26:36 InnoDB: Mutexes and rw_locks use Windows interlocked functions
210907 21:26:36 InnoDB: Compressed tables use zlib 1.2.3
210907 21:26:36 InnoDB: Initializing buffer pool, size = 47.0M
210907 21:26:36 InnoDB: Completed initialization of buffer pool
210907 21:26:36 InnoDB: highest supported file format is Barracuda.
210907 21:26:36  InnoDB: Waiting for the background threads to start
210907 21:26:37 InnoDB: 5.5.40 started; log sequence number 1628693
210907 21:26:37 [Note] Server hostname (bind-address): '0.0.0.0'; port: 3306
210907 21:26:37 [Note]   - '0.0.0.0' resolves to '0.0.0.0';
210907 21:26:37 [Note] Server socket created on IP: '0.0.0.0'.
210907 21:26:37 [Note] Event Scheduler: Loaded 0 events
210907 21:26:37 [Note] A:\MySQL\bin\mysqld: ready for connections.
Version: '5.5.40'  socket: ''  port: 3306  MySQL Community Server (GPL)
210908  8:16:05 [Note] A:\MySQL\bin\mysqld: Normal shutdown

210908  8:16:05 [Note] Event Scheduler: Purging the queue. 0 events
210908  8:16:05  InnoDB: Starting shutdown...
210908  8:16:05  InnoDB: Shutdown completed; log sequence number 1628693
210908  8:16:05 [Note] A:\MySQL\bin\mysqld: Shutdown complete

210908  8:16:26 [Note] Plugin 'FEDERATED' is disabled.
210908  8:16:26 InnoDB: The InnoDB memory heap is disabled
210908  8:16:26 InnoDB: Mutexes and rw_locks use Windows interlocked functions
210908  8:16:26 InnoDB: Compressed tables use zlib 1.2.3
210908  8:16:26 InnoDB: Initializing buffer pool, size = 47.0M
210908  8:16:26 InnoDB: Completed initialization of buffer pool
210908  8:16:26 InnoDB: highest supported file format is Barracuda.
210908  8:16:26  InnoDB: Waiting for the background threads to start
210908  8:16:27 InnoDB: 5.5.40 started; log sequence number 1628693
210908  8:16:27 [Note] Server hostname (bind-address): '0.0.0.0'; port: 3306
210908  8:16:27 [Note]   - '0.0.0.0' resolves to '0.0.0.0';
210908  8:16:27 [Note] Server socket created on IP: '0.0.0.0'.
210908  8:16:27 [Note] Event Scheduler: Loaded 0 events
210908  8:16:27 [Note] A:\MySQL\bin\mysqld: ready for connections.
Version: '5.5.40'  socket: ''  port: 3306  MySQL Community Server (GPL)
210911 20:49:57 [Note] Plugin 'FEDERATED' is disabled.
210911 20:49:57 InnoDB: The InnoDB memory heap is disabled
210911 20:49:57 InnoDB: Mutexes and rw_locks use Windows interlocked functions
210911 20:49:57 InnoDB: Compressed tables use zlib 1.2.3
210911 20:49:57 InnoDB: Initializing buffer pool, size = 47.0M
210911 20:49:57 InnoDB: Completed initialization of buffer pool
210911 20:49:57 InnoDB: highest supported file format is Barracuda.
InnoDB: The log sequence number in ibdata files does not match
InnoDB: the log sequence number in the ib_logfiles!
210911 20:49:57  InnoDB: Database was not shut down normally!
InnoDB: Starting crash recovery.
InnoDB: Reading tablespace information from the .ibd files...
InnoDB: Restoring possible half-written data pages from the doublewrite
InnoDB: buffer...
210911 20:49:58  InnoDB: Waiting for the background threads to start
210911 20:49:59 InnoDB: 5.5.40 started; log sequence number 1651433
210911 20:49:59 [Note] Server hostname (bind-address): '0.0.0.0'; port: 3306
210911 20:49:59 [Note]   - '0.0.0.0' resolves to '0.0.0.0';
210911 20:49:59 [Note] Server socket created on IP: '0.0.0.0'.
210911 20:49:59 [Note] Event Scheduler: Loaded 0 events
210911 20:49:59 [Note] A:\MySQL\bin\mysqld: ready for connections.
Version: '5.5.40'  socket: ''  port: 3306  MySQL Community Server (GPL)
210915 19:59:47 [Note] A:\MySQL\bin\mysqld: Normal shutdown

210915 19:59:47 [Note] Event Scheduler: Purging the queue. 0 events
210915 19:59:47  InnoDB: Starting shutdown...
210915 19:59:48  InnoDB: Shutdown completed; log sequence number 1696589
210915 19:59:48 [Note] A:\MySQL\bin\mysqld: Shutdown complete

210915 20:00:55 [Note] Plugin 'FEDERATED' is disabled.
210915 20:00:55 InnoDB: The InnoDB memory heap is disabled
210915 20:00:55 InnoDB: Mutexes and rw_locks use Windows interlocked functions
210915 20:00:55 InnoDB: Compressed tables use zlib 1.2.3
210915 20:00:55 InnoDB: Initializing buffer pool, size = 47.0M
210915 20:00:55 InnoDB: Completed initialization of buffer pool
210915 20:00:55 InnoDB: highest supported file format is Barracuda.
210915 20:00:55  InnoDB: Waiting for the background threads to start
210915 20:00:56 InnoDB: 5.5.40 started; log sequence number 1696589
210915 20:00:56 [Note] Server hostname (bind-address): '0.0.0.0'; port: 3306
210915 20:00:56 [Note]   - '0.0.0.0' resolves to '0.0.0.0';
210915 20:00:56 [Note] Server socket created on IP: '0.0.0.0'.
210915 20:00:56 [Note] Event Scheduler: Loaded 0 events
210915 20:00:56 [Note] A:\MySQL\bin\mysqld: ready for connections.
Version: '5.5.40'  socket: ''  port: 3306  MySQL Community Server (GPL)
210917 20:15:04 [Note] A:\MySQL\bin\mysqld: Normal shutdown

210917 20:15:04 [Note] Event Scheduler: Purging the queue. 0 events
210917 20:15:04  InnoDB: Starting shutdown...
210917 20:15:04  InnoDB: Shutdown completed; log sequence number 1724561
210917 20:15:04 [Note] A:\MySQL\bin\mysqld: Shutdown complete

210917 20:21:14 [Note] Plugin 'FEDERATED' is disabled.
210917 20:21:14 InnoDB: The InnoDB memory heap is disabled
210917 20:21:14 InnoDB: Mutexes and rw_locks use Windows interlocked functions
210917 20:21:14 InnoDB: Compressed tables use zlib 1.2.3
210917 20:21:14 InnoDB: Initializing buffer pool, size = 47.0M
210917 20:21:14 InnoDB: Completed initialization of buffer pool
210917 20:21:14 InnoDB: highest supported file format is Barracuda.
210917 20:21:14  InnoDB: Waiting for the background threads to start
210917 20:21:15 InnoDB: 5.5.40 started; log sequence number 1724561
210917 20:21:15 [Note] Server hostname (bind-address): '0.0.0.0'; port: 3306
210917 20:21:15 [Note]   - '0.0.0.0' resolves to '0.0.0.0';
210917 20:21:15 [Note] Server socket created on IP: '0.0.0.0'.
210917 20:21:15 [Note] Event Scheduler: Loaded 0 events
210917 20:21:15 [Note] A:\MySQL\bin\mysqld: ready for connections.
Version: '5.5.40'  socket: ''  port: 3306  MySQL Community Server (GPL)
210930 23:01:59 [Note] A:\MySQL\bin\mysqld: Normal shutdown

210930 23:01:59 [Note] Event Scheduler: Purging the queue. 0 events
210930 23:01:59  InnoDB: Starting shutdown...
210930 23:02:00  InnoDB: Shutdown completed; log sequence number 1779099
210930 23:02:00 [Note] A:\MySQL\bin\mysqld: Shutdown complete

210930 23:02:28 [Note] Plugin 'FEDERATED' is disabled.
210930 23:02:28 InnoDB: The InnoDB memory heap is disabled
210930 23:02:28 InnoDB: Mutexes and rw_locks use Windows interlocked functions
210930 23:02:28 InnoDB: Compressed tables use zlib 1.2.3
210930 23:02:28 InnoDB: Initializing buffer pool, size = 47.0M
210930 23:02:28 InnoDB: Completed initialization of buffer pool
210930 23:02:28 InnoDB: highest supported file format is Barracuda.
210930 23:02:29  InnoDB: Waiting for the background threads to start
210930 23:02:30 InnoDB: 5.5.40 started; log sequence number 1779099
210930 23:02:30 [Note] Server hostname (bind-address): '0.0.0.0'; port: 3306
210930 23:02:30 [Note]   - '0.0.0.0' resolves to '0.0.0.0';
210930 23:02:30 [Note] Server socket created on IP: '0.0.0.0'.
210930 23:02:30 [Note] Event Scheduler: Loaded 0 events
210930 23:02:30 [Note] A:\MySQL\bin\mysqld: ready for connections.
Version: '5.5.40'  socket: ''  port: 3306  MySQL Community Server (GPL)
211005  0:01:18 [Note] A:\MySQL\bin\mysqld: Normal shutdown

211005  0:01:18 [Note] Event Scheduler: Purging the queue. 0 events
211005  0:01:18  InnoDB: Starting shutdown...
211005  0:01:18  InnoDB: Shutdown completed; log sequence number 1779099
211005  0:01:18 [Note] A:\MySQL\bin\mysqld: Shutdown complete

211005  0:01:44 [Note] Plugin 'FEDERATED' is disabled.
211005  0:01:44 InnoDB: The InnoDB memory heap is disabled
211005  0:01:44 InnoDB: Mutexes and rw_locks use Windows interlocked functions
211005  0:01:44 InnoDB: Compressed tables use zlib 1.2.3
211005  0:01:44 InnoDB: Initializing buffer pool, size = 47.0M
211005  0:01:44 InnoDB: Completed initialization of buffer pool
211005  0:01:44 InnoDB: highest supported file format is Barracuda.
211005  0:01:45  InnoDB: Waiting for the background threads to start
211005  0:01:46 InnoDB: 5.5.40 started; log sequence number 1779099
211005  0:01:46 [Note] Server hostname (bind-address): '0.0.0.0'; port: 3306
211005  0:01:46 [Note]   - '0.0.0.0' resolves to '0.0.0.0';
211005  0:01:46 [Note] Server socket created on IP: '0.0.0.0'.
211005  0:01:46 [Note] Event Scheduler: Loaded 0 events
211005  0:01:46 [Note] A:\MySQL\bin\mysqld: ready for connections.
Version: '5.5.40'  socket: ''  port: 3306  MySQL Community Server (GPL)
211014 23:16:39 [Note] A:\MySQL\bin\mysqld: Normal shutdown

211014 23:16:39 [Note] Event Scheduler: Purging the queue. 0 events
211014 23:16:39  InnoDB: Starting shutdown...
211014 23:16:40  InnoDB: Shutdown completed; log sequence number 1779099
211014 23:16:40 [Note] A:\MySQL\bin\mysqld: Shutdown complete

